I, [2015-11-04T04:44:06.296846 #27096]  INFO -- default-centos-66: -----> Creating <default-centos-66>...
I, [2015-11-04T04:44:08.008307 #27096]  INFO -- default-centos-66: Bringing machine 'default' up with 'virtualbox' provider...
I, [2015-11-04T04:44:08.284168 #27096]  INFO -- default-centos-66: ==> default: Importing base box 'opscode-centos-6.6'...
I, [2015-11-04T04:44:30.011758 #27096]  INFO -- default-centos-66: [KProgress: 10%[KProgress: 20%[KProgress: 30%[KProgress: 40%[KProgress: 50%[KProgress: 60%[KProgress: 70%[KProgress: 80%[KProgress: 90%[K==> default: Matching MAC address for NAT networking...
I, [2015-11-04T04:44:30.991410 #27096]  INFO -- default-centos-66: ==> default: Setting the name of the VM: kitchen-file-default-centos-66_default_1446592470940_85863
I, [2015-11-04T04:44:31.907553 #27096]  INFO -- default-centos-66: ==> default: Fixed port collision for 22 => 2222. Now on port 2201.
I, [2015-11-04T04:44:31.976948 #27096]  INFO -- default-centos-66: ==> default: Clearing any previously set network interfaces...
I, [2015-11-04T04:44:32.123288 #27096]  INFO -- default-centos-66: ==> default: Preparing network interfaces based on configuration...
I, [2015-11-04T04:44:32.123706 #27096]  INFO -- default-centos-66:     default: Adapter 1: nat
I, [2015-11-04T04:44:32.236915 #27096]  INFO -- default-centos-66: ==> default: Forwarding ports...
I, [2015-11-04T04:44:32.311410 #27096]  INFO -- default-centos-66:     default: 22 => 2201 (adapter 1)
I, [2015-11-04T04:44:32.771303 #27096]  INFO -- default-centos-66: ==> default: Booting VM...
I, [2015-11-04T04:44:33.772129 #27096]  INFO -- default-centos-66: ==> default: Waiting for machine to boot. This may take a few minutes...
I, [2015-11-04T04:44:34.269037 #27096]  INFO -- default-centos-66:     default: SSH address: 127.0.0.1:2201
I, [2015-11-04T04:44:34.269251 #27096]  INFO -- default-centos-66:     default: SSH username: vagrant
I, [2015-11-04T04:44:34.269455 #27096]  INFO -- default-centos-66:     default: SSH auth method: private key
I, [2015-11-04T04:44:49.431005 #27096]  INFO -- default-centos-66:     default: Warning: Connection timeout. Retrying...
I, [2015-11-04T04:44:56.475802 #27096]  INFO -- default-centos-66:     default: Warning: Remote connection disconnect. Retrying...
I, [2015-11-04T04:44:58.755086 #27096]  INFO -- default-centos-66:     default: 
I, [2015-11-04T04:44:58.755184 #27096]  INFO -- default-centos-66:     default: Vagrant insecure key detected. Vagrant will automatically replace
I, [2015-11-04T04:44:58.755232 #27096]  INFO -- default-centos-66:     default: this with a newly generated keypair for better security.
I, [2015-11-04T04:45:02.691210 #27096]  INFO -- default-centos-66:     default: 
I, [2015-11-04T04:45:02.691332 #27096]  INFO -- default-centos-66:     default: Inserting generated public key within guest...
I, [2015-11-04T04:45:03.155173 #27096]  INFO -- default-centos-66:     default: Removing insecure key from the guest if it's present...
I, [2015-11-04T04:45:03.465463 #27096]  INFO -- default-centos-66:     default: Key inserted! Disconnecting and reconnecting using new SSH key...
I, [2015-11-04T04:45:04.778137 #27096]  INFO -- default-centos-66: ==> default: Machine booted and ready!
I, [2015-11-04T04:45:04.778685 #27096]  INFO -- default-centos-66: ==> default: Checking for guest additions in VM...
I, [2015-11-04T04:45:04.834028 #27096]  INFO -- default-centos-66:     default: The guest additions on this VM do not match the installed version of
I, [2015-11-04T04:45:04.834157 #27096]  INFO -- default-centos-66:     default: VirtualBox! In most cases this is fine, but in rare cases it can
I, [2015-11-04T04:45:04.834219 #27096]  INFO -- default-centos-66:     default: prevent things such as shared folders from working properly. If you see
I, [2015-11-04T04:45:04.834273 #27096]  INFO -- default-centos-66:     default: shared folder errors, please make sure the guest additions within the
I, [2015-11-04T04:45:04.834360 #27096]  INFO -- default-centos-66:     default: virtual machine match the version of VirtualBox you have installed on
I, [2015-11-04T04:45:04.834428 #27096]  INFO -- default-centos-66:     default: your host and reload your VM.
I, [2015-11-04T04:45:04.834480 #27096]  INFO -- default-centos-66:     default: 
I, [2015-11-04T04:45:04.834529 #27096]  INFO -- default-centos-66:     default: Guest Additions Version: 4.3.20
I, [2015-11-04T04:45:04.834570 #27096]  INFO -- default-centos-66:     default: VirtualBox Version: 5.0
I, [2015-11-04T04:45:04.834926 #27096]  INFO -- default-centos-66: ==> default: Setting hostname...
I, [2015-11-04T04:45:13.127323 #27096]  INFO -- default-centos-66: ==> default: Machine not provisioned because `--no-provision` is specified.
I, [2015-11-04T04:45:16.112164 #27096]  INFO -- default-centos-66: [SSH] Established
I, [2015-11-04T04:45:16.113099 #27096]  INFO -- default-centos-66: Vagrant instance <default-centos-66> created.
I, [2015-11-04T04:45:16.114745 #27096]  INFO -- default-centos-66: Finished creating <default-centos-66> (1m9.82s).
I, [2015-11-04T04:45:16.114939 #27096]  INFO -- default-centos-66: -----> Converging <default-centos-66>...
I, [2015-11-04T04:45:16.115702 #27096]  INFO -- default-centos-66: Preparing files for transfer
I, [2015-11-04T04:45:16.115876 #27096]  INFO -- default-centos-66: Preparing dna.json
I, [2015-11-04T04:45:16.116225 #27096]  INFO -- default-centos-66: Preparing current project directory as a cookbook
I, [2015-11-04T04:45:16.118734 #27096]  INFO -- default-centos-66: Removing non-cookbook files before transfer
I, [2015-11-04T04:45:16.120547 #27096]  INFO -- default-centos-66: Preparing solo.rb
I, [2015-11-04T04:45:16.166415 #27096]  INFO -- default-centos-66: -----> Installing Chef Omnibus (install only if missing)
I, [2015-11-04T04:45:16.166559 #27096]  INFO -- default-centos-66: Downloading https://www.chef.io/chef/install.sh to file /tmp/install.sh
I, [2015-11-04T04:45:16.166593 #27096]  INFO -- default-centos-66: Trying wget...
I, [2015-11-04T04:45:17.921435 #27096]  INFO -- default-centos-66: Download complete.
I, [2015-11-04T04:45:18.000343 #27096]  INFO -- default-centos-66: Downloading Chef  for el...
I, [2015-11-04T04:45:18.000466 #27096]  INFO -- default-centos-66: downloading https://www.chef.io/chef/metadata?v=&prerelease=false&nightlies=false&p=el&pv=6&m=x86_64
I, [2015-11-04T04:45:18.000510 #27096]  INFO -- default-centos-66:   to file /tmp/install.sh.2395/metadata.txt
I, [2015-11-04T04:45:18.000542 #27096]  INFO -- default-centos-66: trying wget...
I, [2015-11-04T04:45:19.392906 #27096]  INFO -- default-centos-66: url	https://opscode-omnibus-packages.s3.amazonaws.com/el/6/x86_64/chef-12.5.1-1.el6.x86_64.rpm
I, [2015-11-04T04:45:19.392997 #27096]  INFO -- default-centos-66: md5	ef7dab3bc7a3b9aca6899de6892497d3
I, [2015-11-04T04:45:19.393029 #27096]  INFO -- default-centos-66: sha256	76dda2a604738ba8f7790261180d75fc1949a441a4bd791cb9a0857b6e11c72d
I, [2015-11-04T04:45:19.402882 #27096]  INFO -- default-centos-66: downloaded metadata file looks valid...
I, [2015-11-04T04:45:19.412878 #27096]  INFO -- default-centos-66: downloading https://opscode-omnibus-packages.s3.amazonaws.com/el/6/x86_64/chef-12.5.1-1.el6.x86_64.rpm
I, [2015-11-04T04:45:19.412976 #27096]  INFO -- default-centos-66:   to file /tmp/install.sh.2395/chef-12.5.1-1.el6.x86_64.rpm
I, [2015-11-04T04:45:19.413014 #27096]  INFO -- default-centos-66: trying wget...
